This is pdfTeX, Version 3.14159265-2.6-1.40.16 (TeX Live 2015) (preloaded format=pdflatex 2015.5.24)  8 FEB 2016 19:36
entering extended mode
 restricted \write18 enabled.
 file:line:error style messages enabled.
 %&-line parsing enabled.
**Main
(./Main.tex
LaTeX2e <2015/01/01>
Babel <3.9l> and hyphenation patterns for 79 languages loaded.
(/usr/local/texlive/2015/texmf-dist/tex/latex/base/article.cls
Document Class: article 2014/09/29 v1.4h Standard LaTeX document class
(/usr/local/texlive/2015/texmf-dist/tex/latex/base/size10.clo
File: size10.clo 2014/09/29 v1.4h Standard LaTeX file (size option)
)
\c@part=\count79
\c@section=\count80
\c@subsection=\count81
\c@subsubsection=\count82
\c@paragraph=\count83
\c@subparagraph=\count84
\c@figure=\count85
\c@table=\count86
\abovecaptionskip=\skip41
\belowcaptionskip=\skip42
\bibindent=\dimen102
)
(/usr/local/texlive/2015/texmf-dist/tex/latex/cite/cite.sty
LaTeX Info: Redefining \cite on input line 302.
LaTeX Info: Redefining \nocite on input line 332.
Package: cite 2015/02/27  v 5.5
)
(/usr/local/texlive/2015/texmf-dist/tex/latex/booktabs/booktabs.sty
Package: booktabs 2005/04/14 v1.61803 publication quality tables
\heavyrulewidth=\dimen103
\lightrulewidth=\dimen104
\cmidrulewidth=\dimen105
\belowrulesep=\dimen106
\belowbottomsep=\dimen107
\aboverulesep=\dimen108
\abovetopsep=\dimen109
\cmidrulesep=\dimen110
\cmidrulekern=\dimen111
\defaultaddspace=\dimen112
\@cmidla=\count87
\@cmidlb=\count88
\@aboverulesep=\dimen113
\@belowrulesep=\dimen114
\@thisruleclass=\count89
\@lastruleclass=\count90
\@thisrulewidth=\dimen115
)
(/usr/local/texlive/2015/texmf-dist/tex/latex/amsmath/amsmath.sty
Package: amsmath 2013/01/14 v2.14 AMS math features
\@mathmargin=\skip43

For additional information on amsmath, use the `?' option.
(/usr/local/texlive/2015/texmf-dist/tex/latex/amsmath/amstext.sty
Package: amstext 2000/06/29 v2.01

(/usr/local/texlive/2015/texmf-dist/tex/latex/amsmath/amsgen.sty
File: amsgen.sty 1999/11/30 v2.0
\@emptytoks=\toks14
\ex@=\dimen116
))
(/usr/local/texlive/2015/texmf-dist/tex/latex/amsmath/amsbsy.sty
Package: amsbsy 1999/11/29 v1.2d
\pmbraise@=\dimen117
)
(/usr/local/texlive/2015/texmf-dist/tex/latex/amsmath/amsopn.sty
Package: amsopn 1999/12/14 v2.01 operator names
)
\inf@bad=\count91
LaTeX Info: Redefining \frac on input line 210.
\uproot@=\count92
\leftroot@=\count93
LaTeX Info: Redefining \overline on input line 306.
\classnum@=\count94
\DOTSCASE@=\count95
LaTeX Info: Redefining \ldots on input line 378.
LaTeX Info: Redefining \dots on input line 381.
LaTeX Info: Redefining \cdots on input line 466.
\Mathstrutbox@=\box26
\strutbox@=\box27
\big@size=\dimen118
LaTeX Font Info:    Redeclaring font encoding OML on input line 566.
LaTeX Font Info:    Redeclaring font encoding OMS on input line 567.
\macc@depth=\count96
\c@MaxMatrixCols=\count97
\dotsspace@=\muskip10
\c@parentequation=\count98
\dspbrk@lvl=\count99
\tag@help=\toks15
\row@=\count100
\column@=\count101
\maxfields@=\count102
\andhelp@=\toks16
\eqnshift@=\dimen119
\alignsep@=\dimen120
\tagshift@=\dimen121
\tagwidth@=\dimen122
\totwidth@=\dimen123
\lineht@=\dimen124
\@envbody=\toks17
\multlinegap=\skip44
\multlinetaggap=\skip45
\mathdisplay@stack=\toks18
LaTeX Info: Redefining \[ on input line 2665.
LaTeX Info: Redefining \] on input line 2666.
)
(/usr/local/texlive/2015/texmf-dist/tex/latex/graphics/graphicx.sty
Package: graphicx 2014/10/28 v1.0g Enhanced LaTeX Graphics (DPC,SPQR)

(/usr/local/texlive/2015/texmf-dist/tex/latex/graphics/keyval.sty
Package: keyval 2014/10/28 v1.15 key=value parser (DPC)
\KV@toks@=\toks19
)
(/usr/local/texlive/2015/texmf-dist/tex/latex/graphics/graphics.sty
Package: graphics 2014/10/28 v1.0p Standard LaTeX Graphics (DPC,SPQR)

(/usr/local/texlive/2015/texmf-dist/tex/latex/graphics/trig.sty
Package: trig 1999/03/16 v1.09 sin cos tan (DPC)
)
(/usr/local/texlive/2015/texmf-dist/tex/latex/latexconfig/graphics.cfg
File: graphics.cfg 2010/04/23 v1.9 graphics configuration of TeX Live
)
Package graphics Info: Driver file: pdftex.def on input line 94.

(/usr/local/texlive/2015/texmf-dist/tex/latex/pdftex-def/pdftex.def
File: pdftex.def 2011/05/27 v0.06d Graphics/color for pdfTeX

(/usr/local/texlive/2015/texmf-dist/tex/generic/oberdiek/infwarerr.sty
Package: infwarerr 2010/04/08 v1.3 Providing info/warning/error messages (HO)
)
(/usr/local/texlive/2015/texmf-dist/tex/generic/oberdiek/ltxcmds.sty
Package: ltxcmds 2011/11/09 v1.22 LaTeX kernel commands for general use (HO)
)
\Gread@gobject=\count103
))
\Gin@req@height=\dimen125
\Gin@req@width=\dimen126
)
(./Main.aux)
\openout1 = `Main.aux'.

LaTeX Font Info:    Checking defaults for OML/cmm/m/it on input line 13.
LaTeX Font Info:    ... okay on input line 13.
LaTeX Font Info:    Checking defaults for T1/cmr/m/n on input line 13.
LaTeX Font Info:    ... okay on input line 13.
LaTeX Font Info:    Checking defaults for OT1/cmr/m/n on input line 13.
LaTeX Font Info:    ... okay on input line 13.
LaTeX Font Info:    Checking defaults for OMS/cmsy/m/n on input line 13.
LaTeX Font Info:    ... okay on input line 13.
LaTeX Font Info:    Checking defaults for OMX/cmex/m/n on input line 13.
LaTeX Font Info:    ... okay on input line 13.
LaTeX Font Info:    Checking defaults for U/cmr/m/n on input line 13.
LaTeX Font Info:    ... okay on input line 13.
 (/usr/local/texlive/2015/texmf-dist/tex/context/base/supp-pdf.mkii
[Loading MPS to PDF converter (version 2006.09.02).]
\scratchcounter=\count104
\scratchdimen=\dimen127
\scratchbox=\box28
\nofMPsegments=\count105
\nofMParguments=\count106
\everyMPshowfont=\toks20
\MPscratchCnt=\count107
\MPscratchDim=\dimen128
\MPnumerator=\count108
\makeMPintoPDFobject=\count109
\everyMPtoPDFconversion=\toks21
) (/usr/local/texlive/2015/texmf-dist/tex/generic/oberdiek/pdftexcmds.sty
Package: pdftexcmds 2011/11/29 v0.20 Utility functions of pdfTeX for LuaTeX (HO
)

(/usr/local/texlive/2015/texmf-dist/tex/generic/oberdiek/ifluatex.sty
Package: ifluatex 2010/03/01 v1.3 Provides the ifluatex switch (HO)
Package ifluatex Info: LuaTeX not detected.
)
(/usr/local/texlive/2015/texmf-dist/tex/generic/oberdiek/ifpdf.sty
Package: ifpdf 2011/01/30 v2.3 Provides the ifpdf switch (HO)
Package ifpdf Info: pdfTeX in PDF mode is detected.
)
Package pdftexcmds Info: LuaTeX not detected.
Package pdftexcmds Info: \pdf@primitive is available.
Package pdftexcmds Info: \pdf@ifprimitive is available.
Package pdftexcmds Info: \pdfdraftmode found.
)
(/usr/local/texlive/2015/texmf-dist/tex/latex/oberdiek/epstopdf-base.sty
Package: epstopdf-base 2010/02/09 v2.5 Base part for package epstopdf

(/usr/local/texlive/2015/texmf-dist/tex/latex/oberdiek/grfext.sty
Package: grfext 2010/08/19 v1.1 Manage graphics extensions (HO)

(/usr/local/texlive/2015/texmf-dist/tex/generic/oberdiek/kvdefinekeys.sty
Package: kvdefinekeys 2011/04/07 v1.3 Define keys (HO)
))
(/usr/local/texlive/2015/texmf-dist/tex/latex/oberdiek/kvoptions.sty
Package: kvoptions 2011/06/30 v3.11 Key value format for package options (HO)

(/usr/local/texlive/2015/texmf-dist/tex/generic/oberdiek/kvsetkeys.sty
Package: kvsetkeys 2012/04/25 v1.16 Key value parser (HO)

(/usr/local/texlive/2015/texmf-dist/tex/generic/oberdiek/etexcmds.sty
Package: etexcmds 2011/02/16 v1.5 Avoid name clashes with e-TeX commands (HO)
Package etexcmds Info: Could not find \expanded.
(etexcmds)             That can mean that you are not using pdfTeX 1.50 or
(etexcmds)             that some package has redefined \expanded.
(etexcmds)             In the latter case, load this package earlier.
)))
Package grfext Info: Graphics extension search list:
(grfext)             [.png,.pdf,.jpg,.mps,.jpeg,.jbig2,.jb2,.PNG,.PDF,.JPG,.JPE
G,.JBIG2,.JB2,.eps]
(grfext)             \AppendGraphicsExtensions on input line 452.

(/usr/local/texlive/2015/texmf-dist/tex/latex/latexconfig/epstopdf-sys.cfg
File: epstopdf-sys.cfg 2010/07/13 v1.3 Configuration of (r)epstopdf for TeX Liv
e
))
(./ResearchObjectives.tex
Overfull \hbox (17.73892pt too wide) in paragraph at lines 6--6
[] \OT1/cmr/bx/n/12 De-velop fast and ro-bust multi-phase capillary-dominated
 []

[1

{/usr/local/texlive/2015/texmf-var/fonts/map/pdftex/updmap/pdftex.map}]
Overfull \hbox (19.86388pt too wide) in paragraph at lines 16--16
[]\OT1/cmr/bx/n/12 Validate tech-niques against ex-per-i-ments/analytical meth-

 []

) (./ProposedResearch.tex
Overfull \hbox (5.3722pt too wide) in paragraph at lines 4--4
[]\OT1/cmr/bx/n/12 Two-phase mod-el-ing: Val-i-da-tion of meth-ods and mixed
 []

[2] [3]
Overfull \hbox (14.34157pt too wide) detected at line 44
\OML/cmm/m/it/10 ^^^[] \OT1/cmr/m/n/10 + \OMS/cmsy/m/n/10 f\OML/cmm/m/it/10 H\O
T1/cmr/m/n/10 (\OMS/cmsy/m/n/10 ^^@\OML/cmm/m/it/10  \OT1/cmr/m/n/10 )\OML/cmm/
m/it/10 ^^T[] \OMS/cmsy/m/n/10 ^^@ \OML/cmm/m/it/10 S\OT1/cmr/m/n/10 (\OML/cmm/
m/it/10  \OT1/cmr/m/n/10 )\OML/cmm/m/it/10 H\OT1/cmr/m/n/10 (\OML/cmm/m/it/10  
\OT1/cmr/m/n/10 )\OML/cmm/m/it/10 Ccos^^L\OMS/cmsy/m/n/10 jr\OML/cmm/m/it/10  \
OMS/cmsy/m/n/10 jgjr\OML/cmm/m/it/10 ^^^\OMS/cmsy/m/n/10 j[]  \OT1/cmr/m/n/10 +
 \OML/cmm/m/it/10 S\OT1/cmr/m/n/10 (\OML/cmm/m/it/10  \OT1/cmr/m/n/10 )\OML/cmm
/m/it/10 H\OT1/cmr/m/n/10 (\OML/cmm/m/it/10  \OT1/cmr/m/n/10 )\OML/cmm/m/it/10 
C\OMS/cmsy/m/n/10 r\OML/cmm/m/it/10   \OMS/cmsy/m/n/10 ^^A r\OML/cmm/m/it/10 ^^
^ \OT1/cmr/m/n/10 = \OML/cmm/m/it/10 H\OT1/cmr/m/n/10 (\OMS/cmsy/m/n/10 ^^@\OML
/cmm/m/it/10  \OT1/cmr/m/n/10 )\OML/cmm/m/it/10 ^^T[]\OMS/cmsy/m/n/10 jr\OML/cm
m/m/it/10 ^^^\OMS/cmsy/m/n/10 j
 []


LaTeX Warning: Reference `level_set_contactangle' on page 4 undefined on input 
line 59.

[4]
Overfull \hbox (30.46896pt too wide) detected at line 70
\OML/cmm/m/it/10 ^^T[] \OT1/cmr/m/n/10 = []
 []

[5]

LaTeX Warning: Citation `mitchell2004toolbox' on page 6 undefined on input line
 91.


LaTeX Warning: Citation `mitchell2008flexible' on page 6 undefined on input lin
e 91.

[6]

LaTeX Warning: Citation `ferrari2014inertial' on page 7 undefined on input line
 126.


LaTeX Warning: Citation `hirt1981volume' on page 7 undefined on input line 126.



Overfull \hbox (16.2032pt too wide) in paragraph at lines 128--129
[]\OT1/cmr/m/n/10 If one con-sid-ers a do-main hav-ing two phases, wetting($\OM
L/cmm/m/it/10 P[]$\OT1/cmr/m/n/10 ) and non-wetting($\OML/cmm/m/it/10 P[]$\OT1/
cmr/m/n/10 ),
 []

[7] [8]

LaTeX Warning: Citation `deshpande2012evaluating' on page 9 undefined on input 
line 207.

[9]) (./LiteratureReview.tex

LaTeX Warning: Citation `prodono' on page 10 undefined on input line 4.


LaTeX Warning: Citation `unverdi1992front' on page 10 undefined on input line 4
.

[10]

LaTeX Warning: Citation `hirt1981volume' on page 11 undefined on input line 12.


[11] [12]

LaTeX Warning: Citation `fatt1956network' on page 13 undefined on input line 27
.

[13]

LaTeX Warning: Citation `oren2003reconstruction' on page 14 undefined on input 
line 29.


LaTeX Warning: Citation `oren2003reconstruction' on page 14 undefined on input 
line 29.


LaTeX Warning: Citation `silin2006pore' on page 14 undefined on input line 29.


LaTeX Warning: Citation `lindquist2000pore' on page 14 undefined on input line 
29.


LaTeX Warning: Citation `lindquist1999investigating' on page 14 undefined on in
put line 29.


LaTeX Warning: Citation `lenormand1989flow' on page 14 undefined on input line 
38.


LaTeX Warning: Citation `lenormand1988numerical' on page 14 undefined on input 
line 38.


LaTeX Warning: Citation `lenormand1985invasion' on page 14 undefined on input l
ine 38.


LaTeX Warning: Citation `mckellar1982method' on page 14 undefined on input line
 38.


LaTeX Warning: Citation `soll1993micromodel' on page 14 undefined on input line
 38.


LaTeX Warning: Citation `corapcioglu1999glass' on page 14 undefined on input li
ne 38.


LaTeX Warning: Citation `willingham2008evaluation' on page 14 undefined on inpu
t line 38.

[14]

LaTeX Warning: Citation `wildenschild2002using' on page 15 undefined on input l
ine 40.


LaTeX Warning: Citation `wildenschild2013x' on page 15 undefined on input line 
40.


LaTeX Warning: Citation `cai2009tomographic' on page 15 undefined on input line
 40.


LaTeX Warning: Citation `mason1986meniscus' on page 15 undefined on input line 
42.


LaTeX Warning: Citation `homsy1987viscous' on page 15 undefined on input line 4
4.


LaTeX Warning: Citation `ingham2005transport' on page 15 undefined on input lin
e 44.


LaTeX Warning: Citation `van1976mass' on page 15 undefined on input line 44.


LaTeX Warning: Citation `oak1990three' on page 15 undefined on input line 44.

) (./Main.bbl
Missing character: There is no â in font cmr10!
Missing character: There is no € in font cmr10!
Missing character: There is no ” in font cmr10!
Missing character: There is no â in font cmr10!
Missing character: There is no € in font cmr10!
Missing character: There is no “ in font cmr10!
 [15]
Underfull \hbox (badness 1917) in paragraph at lines 55--58
[]\OT1/cmr/m/n/10 Brian P. Flan-nery, Harry W. Deck-man, Wayne G. Roberge, and
 []

Missing character: There is no Ã in font cmr10!
Missing character: There is no © in font cmr10!
Missing character: There is no Å in font cmr10!
Missing character: There is no ¡ in font cmr10!
Missing character: There is no Ä in font cmr10!
Missing character: There is no ‡ in font cmr10!
[16]
Missing character: There is no Ä in font cmr10!
Missing character: There is no ‡ in font cmr10!
Missing character: There is no Ã in font cmr10!
Missing character: There is no ˜ in font cmr10!
) [17] (./Main.aux)

LaTeX Warning: There were undefined references.

 ) 
Here is how much of TeX's memory you used:
 2312 strings out of 493089
 31743 string characters out of 6134842
 96259 words of memory out of 5000000
 5770 multiletter control sequences out of 15000+600000
 9369 words of font info for 34 fonts, out of 8000000 for 9000
 1141 hyphenation exceptions out of 8191
 37i,9n,23p,2124b,207s stack positions out of 5000i,500n,10000p,200000b,80000s
</usr/local/texlive/2015/texmf-dist/fonts/type1/public/amsfonts/cm/cmbx10.pfb
></usr/local/texlive/2015/texmf-dist/fonts/type1/public/amsfonts/cm/cmbx12.pfb>
</usr/local/texlive/2015/texmf-dist/fonts/type1/public/amsfonts/cm/cmex10.pfb><
/usr/local/texlive/2015/texmf-dist/fonts/type1/public/amsfonts/cm/cmmi10.pfb></
usr/local/texlive/2015/texmf-dist/fonts/type1/public/amsfonts/cm/cmmi5.pfb></us
r/local/texlive/2015/texmf-dist/fonts/type1/public/amsfonts/cm/cmmi7.pfb></usr/
local/texlive/2015/texmf-dist/fonts/type1/public/amsfonts/cm/cmr10.pfb></usr/lo
cal/texlive/2015/texmf-dist/fonts/type1/public/amsfonts/cm/cmr12.pfb></usr/loca
l/texlive/2015/texmf-dist/fonts/type1/public/amsfonts/cm/cmr17.pfb></usr/local/
texlive/2015/texmf-dist/fonts/type1/public/amsfonts/cm/cmr5.pfb></usr/local/tex
live/2015/texmf-dist/fonts/type1/public/amsfonts/cm/cmr7.pfb></usr/local/texliv
e/2015/texmf-dist/fonts/type1/public/amsfonts/cm/cmsy10.pfb></usr/local/texlive
/2015/texmf-dist/fonts/type1/public/amsfonts/cm/cmsy5.pfb></usr/local/texlive/2
015/texmf-dist/fonts/type1/public/amsfonts/cm/cmti10.pfb>
Output written on ./Main.pdf (17 pages, 217593 bytes).
PDF statistics:
 115 PDF objects out of 1000 (max. 8388607)
 81 compressed objects within 1 object stream
 0 named destinations out of 1000 (max. 500000)
 1 words of extra memory for PDF output out of 10000 (max. 10000000)

